1665114265164	geckodriver	INFO	Listening on 127.0.0.1:58383
1665114319108	geckodriver	INFO	Listening on 127.0.0.1:58511
1665114319619	mozrunner::runner	INFO	Running command: "/Applications/Firefox.app/Contents/MacOS/firefox-bin" "--marionette" "--remote-debugging-port" "58512" "--remote-allow-hosts" "localhost" "-foreground" "-no-remote" "-profile" "/var/folders/kh/np0tdw052gg77h97rt6rm3l80000gn/T/rust_mozprofileZLwxh4"
1665114319925	Marionette	INFO	Marionette enabled
2022-10-06 20:45:19.926 plugin-container[35735:3472610] nil host used in call to allowsSpecificHTTPSCertificateForHost
2022-10-06 20:45:19.926 plugin-container[35735:3472610] nil host used in call to allowsAnyHTTPSCertificateForHost:
2022-10-06 20:45:19.930 plugin-container[35735:3472610] nil host used in call to allowsSpecificHTTPSCertificateForHost
2022-10-06 20:45:19.930 plugin-container[35735:3472610] nil host used in call to allowsAnyHTTPSCertificateForHost:
2022-10-06 20:45:19.930 plugin-container[35735:3472639] nil host used in call to allowsSpecificHTTPSCertificateForHost
2022-10-06 20:45:19.930 plugin-container[35735:3472639] nil host used in call to allowsAnyHTTPSCertificateForHost:
1665114319946	Marionette	INFO	Listening on port 58537
Read port: 58537
WebDriver BiDi listening on ws://127.0.0.1:58512
1665114320037	RemoteAgent	WARN	TLS certificate errors will be ignored for this session
UNSUPPORTED (log once): POSSIBLE ISSUE: unit 1 GLD_TEXTURE_INDEX_2D is unloadable and bound to sampler type (Float) - using zero texture because texture unloadable
console.warn: SearchSettings: "get: No settings file exists, new profile?" (new NotFoundError("Could not open the file at /var/folders/kh/np0tdw052gg77h97rt6rm3l80000gn/T/rust_mozprofileZLwxh4/search.json.mozlz4", (void 0)))
DevTools listening on ws://127.0.0.1:58512/devtools/browser/2493a002-f9a9-4b86-882a-c13cea88982a
JavaScript error: https://media.ethicalads.io/media/client/v1.4.0/ethicalads.min.js, line 1: Error: No ad placements found.
JavaScript error: resource:///actors/FormValidationChild.jsm, line 183: TypeError: this._element is null
1665114420153	geckodriver	INFO	Listening on 127.0.0.1:59526
1665114420661	mozrunner::runner	INFO	Running command: "/Applications/Firefox.app/Contents/MacOS/firefox-bin" "--marionette" "--remote-debugging-port" "59527" "--remote-allow-hosts" "localhost" "-foreground" "-no-remote" "-profile" "/var/folders/kh/np0tdw052gg77h97rt6rm3l80000gn/T/rust_mozprofileLIziKj"
2022-10-06 20:47:00.959 plugin-container[35762:3473943] nil host used in call to allowsSpecificHTTPSCertificateForHost
2022-10-06 20:47:00.960 plugin-container[35762:3473943] nil host used in call to allowsAnyHTTPSCertificateForHost:
2022-10-06 20:47:00.964 plugin-container[35762:3473943] nil host used in call to allowsSpecificHTTPSCertificateForHost
2022-10-06 20:47:00.964 plugin-container[35762:3473943] nil host used in call to allowsAnyHTTPSCertificateForHost:
2022-10-06 20:47:00.964 plugin-container[35762:3473969] nil host used in call to allowsSpecificHTTPSCertificateForHost
2022-10-06 20:47:00.964 plugin-container[35762:3473969] nil host used in call to allowsAnyHTTPSCertificateForHost:
1665114420965	Marionette	INFO	Marionette enabled
1665114420988	Marionette	INFO	Listening on port 59536
WebDriver BiDi listening on ws://127.0.0.1:59527
Read port: 59536
1665114421161	RemoteAgent	WARN	TLS certificate errors will be ignored for this session
UNSUPPORTED (log once): POSSIBLE ISSUE: unit 1 GLD_TEXTURE_INDEX_2D is unloadable and bound to sampler type (Float) - using zero texture because texture unloadable
console.warn: SearchSettings: "get: No settings file exists, new profile?" (new NotFoundError("Could not open the file at /var/folders/kh/np0tdw052gg77h97rt6rm3l80000gn/T/rust_mozprofileLIziKj/search.json.mozlz4", (void 0)))
DevTools listening on ws://127.0.0.1:59527/devtools/browser/8b471775-5165-4cd6-83ab-77c2d08133cd
1665114714783	geckodriver	INFO	Listening on 127.0.0.1:60845
1665114715308	mozrunner::runner	INFO	Running command: "/Applications/Firefox.app/Contents/MacOS/firefox-bin" "--marionette" "--remote-debugging-port" "60846" "--remote-allow-hosts" "localhost" "-foreground" "-no-remote" "-profile" "/var/folders/kh/np0tdw052gg77h97rt6rm3l80000gn/T/rust_mozprofilefK1OUl"
2022-10-06 20:51:55.648 plugin-container[35850:3476930] nil host used in call to allowsSpecificHTTPSCertificateForHost
2022-10-06 20:51:55.648 plugin-container[35850:3476930] nil host used in call to allowsAnyHTTPSCertificateForHost:
1665114715649	Marionette	INFO	Marionette enabled
2022-10-06 20:51:55.656 plugin-container[35850:3476930] nil host used in call to allowsSpecificHTTPSCertificateForHost
2022-10-06 20:51:55.656 plugin-container[35850:3476930] nil host used in call to allowsAnyHTTPSCertificateForHost:
2022-10-06 20:51:55.656 plugin-container[35850:3476928] nil host used in call to allowsSpecificHTTPSCertificateForHost
2022-10-06 20:51:55.656 plugin-container[35850:3476928] nil host used in call to allowsAnyHTTPSCertificateForHost:
1665114715674	Marionette	INFO	Listening on port 60855
Read port: 60855
WebDriver BiDi listening on ws://127.0.0.1:60846
1665114715778	RemoteAgent	WARN	TLS certificate errors will be ignored for this session
UNSUPPORTED (log once): POSSIBLE ISSUE: unit 1 GLD_TEXTURE_INDEX_2D is unloadable and bound to sampler type (Float) - using zero texture because texture unloadable
console.warn: SearchSettings: "get: No settings file exists, new profile?" (new NotFoundError("Could not open the file at /var/folders/kh/np0tdw052gg77h97rt6rm3l80000gn/T/rust_mozprofilefK1OUl/search.json.mozlz4", (void 0)))
DevTools listening on ws://127.0.0.1:60846/devtools/browser/26b179b3-0f0e-432d-ba9c-d27935b50b16
1665114747961	geckodriver	INFO	Listening on 127.0.0.1:61052
1665114748483	mozrunner::runner	INFO	Running command: "/Applications/Firefox.app/Contents/MacOS/firefox-bin" "--marionette" "--remote-debugging-port" "61053" "--remote-allow-hosts" "localhost" "-foreground" "-no-remote" "-profile" "/var/folders/kh/np0tdw052gg77h97rt6rm3l80000gn/T/rust_mozprofile7xd7k0"
2022-10-06 20:52:28.788 plugin-container[35867:3477816] nil host used in call to allowsSpecificHTTPSCertificateForHost
2022-10-06 20:52:28.788 plugin-container[35867:3477816] nil host used in call to allowsAnyHTTPSCertificateForHost:
1665114748789	Marionette	INFO	Marionette enabled
2022-10-06 20:52:28.810 plugin-container[35867:3477816] nil host used in call to allowsSpecificHTTPSCertificateForHost
1665114748810	Marionette	INFO	Listening on port 61062
2022-10-06 20:52:28.811 plugin-container[35867:3477816] nil host used in call to allowsAnyHTTPSCertificateForHost:
2022-10-06 20:52:28.811 plugin-container[35867:3477814] nil host used in call to allowsSpecificHTTPSCertificateForHost
2022-10-06 20:52:28.811 plugin-container[35867:3477814] nil host used in call to allowsAnyHTTPSCertificateForHost:
WebDriver BiDi listening on ws://127.0.0.1:61053
Read port: 61062
1665114748965	RemoteAgent	WARN	TLS certificate errors will be ignored for this session
UNSUPPORTED (log once): POSSIBLE ISSUE: unit 1 GLD_TEXTURE_INDEX_2D is unloadable and bound to sampler type (Float) - using zero texture because texture unloadable
console.warn: SearchSettings: "get: No settings file exists, new profile?" (new NotFoundError("Could not open the file at /var/folders/kh/np0tdw052gg77h97rt6rm3l80000gn/T/rust_mozprofile7xd7k0/search.json.mozlz4", (void 0)))
DevTools listening on ws://127.0.0.1:61053/devtools/browser/c5bb2b3d-077e-4344-a420-9cf2763edcf0
1665114775791	geckodriver	INFO	Listening on 127.0.0.1:61230
1665114776309	mozrunner::runner	INFO	Running command: "/Applications/Firefox.app/Contents/MacOS/firefox-bin" "--marionette" "--remote-debugging-port" "61231" "--remote-allow-hosts" "localhost" "-foreground" "-no-remote" "-profile" "/var/folders/kh/np0tdw052gg77h97rt6rm3l80000gn/T/rust_mozprofileOmqQaD"
2022-10-06 20:52:56.600 plugin-container[35892:3478715] nil host used in call to allowsSpecificHTTPSCertificateForHost
2022-10-06 20:52:56.602 plugin-container[35892:3478715] nil host used in call to allowsAnyHTTPSCertificateForHost:
1665114776604	Marionette	INFO	Marionette enabled
2022-10-06 20:52:56.604 plugin-container[35892:3478715] nil host used in call to allowsSpecificHTTPSCertificateForHost
2022-10-06 20:52:56.604 plugin-container[35892:3478715] nil host used in call to allowsAnyHTTPSCertificateForHost:
2022-10-06 20:52:56.604 plugin-container[35892:3478713] nil host used in call to allowsSpecificHTTPSCertificateForHost
2022-10-06 20:52:56.604 plugin-container[35892:3478713] nil host used in call to allowsAnyHTTPSCertificateForHost:
1665114776628	Marionette	INFO	Listening on port 61239
WebDriver BiDi listening on ws://127.0.0.1:61231
Read port: 61239
1665114776802	RemoteAgent	WARN	TLS certificate errors will be ignored for this session
UNSUPPORTED (log once): POSSIBLE ISSUE: unit 1 GLD_TEXTURE_INDEX_2D is unloadable and bound to sampler type (Float) - using zero texture because texture unloadable
console.warn: SearchSettings: "get: No settings file exists, new profile?" (new NotFoundError("Could not open the file at /var/folders/kh/np0tdw052gg77h97rt6rm3l80000gn/T/rust_mozprofileOmqQaD/search.json.mozlz4", (void 0)))
DevTools listening on ws://127.0.0.1:61231/devtools/browser/84dba126-aedb-4227-91e0-20ca1309e24e
console.warn: LoginRecipes: "Falling back to a synchronous message for: https://services.flhsmv.gov."
JavaScript warning: https://pagead2.googlesyndication.com/bg/b4aq_x9zMiku-4ayY0gQrcEuJNMSghrM2Nuaea2nyAg.js line 2 > eval line 7440 > eval line 1 > eval line 1 > eval, line 1: WEBGL_debug_renderer_info is deprecated in Firefox and will be removed. Please use RENDERER.
1665114828730	Marionette	INFO	Stopped listening on port 61239
JavaScript error: , line 0: NotFoundError: No such JSWindowActor 'DevToolsFrame'
JavaScript error: , line 0: TypeError: NetworkError when attempting to fetch resource.
1665114830339	Marionette	INFO	Stopped listening on port 61062
1665114831593	Marionette	INFO	Stopped listening on port 60855
1665114832684	Marionette	INFO	Stopped listening on port 59536
1665114833663	Marionette	INFO	Stopped listening on port 58537
1665114836153	geckodriver	INFO	Listening on 127.0.0.1:61591
1665114836674	mozrunner::runner	INFO	Running command: "/Applications/Firefox.app/Contents/MacOS/firefox-bin" "--marionette" "--remote-debugging-port" "61592" "--remote-allow-hosts" "localhost" "-foreground" "-no-remote" "-profile" "/var/folders/kh/np0tdw052gg77h97rt6rm3l80000gn/T/rust_mozprofilezdmZBD"
2022-10-06 20:53:56.975 plugin-container[35913:3480097] nil host used in call to allowsSpecificHTTPSCertificateForHost
2022-10-06 20:53:56.975 plugin-container[35913:3480097] nil host used in call to allowsAnyHTTPSCertificateForHost:
2022-10-06 20:53:56.977 plugin-container[35913:3480097] nil host used in call to allowsSpecificHTTPSCertificateForHost
2022-10-06 20:53:56.977 plugin-container[35913:3480097] nil host used in call to allowsAnyHTTPSCertificateForHost:
2022-10-06 20:53:56.978 plugin-container[35913:3480102] nil host used in call to allowsSpecificHTTPSCertificateForHost
2022-10-06 20:53:56.978 plugin-container[35913:3480102] nil host used in call to allowsAnyHTTPSCertificateForHost:
1665114836980	Marionette	INFO	Marionette enabled
1665114837002	Marionette	INFO	Listening on port 61601
WebDriver BiDi listening on ws://127.0.0.1:61592
Read port: 61601
1665114837157	RemoteAgent	WARN	TLS certificate errors will be ignored for this session
UNSUPPORTED (log once): POSSIBLE ISSUE: unit 1 GLD_TEXTURE_INDEX_2D is unloadable and bound to sampler type (Float) - using zero texture because texture unloadable
console.warn: SearchSettings: "get: No settings file exists, new profile?" (new NotFoundError("Could not open the file at /var/folders/kh/np0tdw052gg77h97rt6rm3l80000gn/T/rust_mozprofilezdmZBD/search.json.mozlz4", (void 0)))
DevTools listening on ws://127.0.0.1:61592/devtools/browser/21a943a7-17fa-4285-9391-d1f595866239
console.warn: LoginRecipes: "Falling back to a synchronous message for: https://services.flhsmv.gov."
1665114861183	geckodriver	INFO	Listening on 127.0.0.1:61763
1665114861186	mozrunner::runner	INFO	Running command: "/Applications/Firefox.app/Contents/MacOS/firefox-bin" "--marionette" "--remote-debugging-port" "61764" "--remote-allow-hosts" "localhost" "-foreground" "-no-remote" "-profile" "/var/folders/kh/np0tdw052gg77h97rt6rm3l80000gn/T/rust_mozprofiles6Cmib"
2022-10-06 20:54:21.450 plugin-container[35929:3480583] nil host used in call to allowsSpecificHTTPSCertificateForHost
2022-10-06 20:54:21.450 plugin-container[35929:3480583] nil host used in call to allowsAnyHTTPSCertificateForHost:
2022-10-06 20:54:21.452 plugin-container[35929:3480583] nil host used in call to allowsSpecificHTTPSCertificateForHost
2022-10-06 20:54:21.452 plugin-container[35929:3480583] nil host used in call to allowsAnyHTTPSCertificateForHost:
2022-10-06 20:54:21.452 plugin-container[35929:3480585] nil host used in call to allowsSpecificHTTPSCertificateForHost
2022-10-06 20:54:21.452 plugin-container[35929:3480585] nil host used in call to allowsAnyHTTPSCertificateForHost:
1665114861453	Marionette	INFO	Marionette enabled
1665114861475	Marionette	INFO	Listening on port 61767
Read port: 61767
WebDriver BiDi listening on ws://127.0.0.1:61764
1665114861564	RemoteAgent	WARN	TLS certificate errors will be ignored for this session
UNSUPPORTED (log once): POSSIBLE ISSUE: unit 1 GLD_TEXTURE_INDEX_2D is unloadable and bound to sampler type (Float) - using zero texture because texture unloadable
console.warn: SearchSettings: "get: No settings file exists, new profile?" (new NotFoundError("Could not open the file at /var/folders/kh/np0tdw052gg77h97rt6rm3l80000gn/T/rust_mozprofiles6Cmib/search.json.mozlz4", (void 0)))
DevTools listening on ws://127.0.0.1:61764/devtools/browser/c0d84098-ca10-410c-8b80-c3d70dc683ce
console.warn: LoginRecipes: "Falling back to a synchronous message for: https://services.flhsmv.gov."
1665115076341	Marionette	INFO	Stopped listening on port 61601
1665115223604	geckodriver	INFO	Listening on 127.0.0.1:63435
1665115224128	mozrunner::runner	INFO	Running command: "/Applications/Firefox.app/Contents/MacOS/firefox-bin" "--marionette" "--remote-debugging-port" "63436" "--remote-allow-hosts" "localhost" "-foreground" "-no-remote" "-profile" "/var/folders/kh/np0tdw052gg77h97rt6rm3l80000gn/T/rust_mozprofileqUWXC5"
1665115224481	Marionette	INFO	Marionette enabled
1665115224504	Marionette	INFO	Listening on port 63445
2022-10-06 21:00:24.507 plugin-container[36007:3484408] nil host used in call to allowsSpecificHTTPSCertificateForHost
2022-10-06 21:00:24.507 plugin-container[36007:3484408] nil host used in call to allowsAnyHTTPSCertificateForHost:
2022-10-06 21:00:24.510 plugin-container[36007:3484408] nil host used in call to allowsSpecificHTTPSCertificateForHost
2022-10-06 21:00:24.510 plugin-container[36007:3484408] nil host used in call to allowsAnyHTTPSCertificateForHost:
2022-10-06 21:00:24.510 plugin-container[36007:3484429] nil host used in call to allowsSpecificHTTPSCertificateForHost
2022-10-06 21:00:24.510 plugin-container[36007:3484429] nil host used in call to allowsAnyHTTPSCertificateForHost:
Read port: 63445
WebDriver BiDi listening on ws://127.0.0.1:63436
1665115224594	RemoteAgent	WARN	TLS certificate errors will be ignored for this session
UNSUPPORTED (log once): POSSIBLE ISSUE: unit 1 GLD_TEXTURE_INDEX_2D is unloadable and bound to sampler type (Float) - using zero texture because texture unloadable
console.warn: SearchSettings: "get: No settings file exists, new profile?" (new NotFoundError("Could not open the file at /var/folders/kh/np0tdw052gg77h97rt6rm3l80000gn/T/rust_mozprofileqUWXC5/search.json.mozlz4", (void 0)))
DevTools listening on ws://127.0.0.1:63436/devtools/browser/e3cc93da-f480-414d-9d15-27ba0f12f713
1665115285173	geckodriver	INFO	Listening on 127.0.0.1:63844
1665115285698	mozrunner::runner	INFO	Running command: "/Applications/Firefox.app/Contents/MacOS/firefox-bin" "--marionette" "--remote-debugging-port" "63845" "--remote-allow-hosts" "localhost" "-foreground" "-no-remote" "-profile" "/var/folders/kh/np0tdw052gg77h97rt6rm3l80000gn/T/rust_mozprofileJMc6M1"
2022-10-06 21:01:25.991 plugin-container[36031:3485295] nil host used in call to allowsSpecificHTTPSCertificateForHost
2022-10-06 21:01:25.991 plugin-container[36031:3485295] nil host used in call to allowsAnyHTTPSCertificateForHost:
2022-10-06 21:01:25.993 plugin-container[36031:3485295] nil host used in call to allowsSpecificHTTPSCertificateForHost
2022-10-06 21:01:25.993 plugin-container[36031:3485295] nil host used in call to allowsAnyHTTPSCertificateForHost:
2022-10-06 21:01:25.994 plugin-container[36031:3485322] nil host used in call to allowsSpecificHTTPSCertificateForHost
2022-10-06 21:01:25.994 plugin-container[36031:3485322] nil host used in call to allowsAnyHTTPSCertificateForHost:
1665115285995	Marionette	INFO	Marionette enabled
1665115286019	Marionette	INFO	Listening on port 63854
Read port: 63854
WebDriver BiDi listening on ws://127.0.0.1:63845
1665115286161	RemoteAgent	WARN	TLS certificate errors will be ignored for this session
UNSUPPORTED (log once): POSSIBLE ISSUE: unit 1 GLD_TEXTURE_INDEX_2D is unloadable and bound to sampler type (Float) - using zero texture because texture unloadable
console.warn: SearchSettings: "get: No settings file exists, new profile?" (new NotFoundError("Could not open the file at /var/folders/kh/np0tdw052gg77h97rt6rm3l80000gn/T/rust_mozprofileJMc6M1/search.json.mozlz4", (void 0)))
DevTools listening on ws://127.0.0.1:63845/devtools/browser/4df52dd9-6130-4e68-a64c-f3c17c3098f7
1665115336630	geckodriver	INFO	Listening on 127.0.0.1:64237
1665115337149	mozrunner::runner	INFO	Running command: "/Applications/Firefox.app/Contents/MacOS/firefox-bin" "--marionette" "--remote-debugging-port" "64238" "--remote-allow-hosts" "localhost" "-foreground" "-no-remote" "-profile" "/var/folders/kh/np0tdw052gg77h97rt6rm3l80000gn/T/rust_mozprofilefVjpmY"
2022-10-06 21:02:17.483 plugin-container[36045:3486329] nil host used in call to allowsSpecificHTTPSCertificateForHost
2022-10-06 21:02:17.483 plugin-container[36045:3486329] nil host used in call to allowsAnyHTTPSCertificateForHost:
2022-10-06 21:02:17.485 plugin-container[36045:3486329] nil host used in call to allowsSpecificHTTPSCertificateForHost
2022-10-06 21:02:17.485 plugin-container[36045:3486329] nil host used in call to allowsAnyHTTPSCertificateForHost:
2022-10-06 21:02:17.485 plugin-container[36045:3486327] nil host used in call to allowsSpecificHTTPSCertificateForHost
2022-10-06 21:02:17.485 plugin-container[36045:3486327] nil host used in call to allowsAnyHTTPSCertificateForHost:
1665115337487	Marionette	INFO	Marionette enabled
1665115337508	Marionette	INFO	Listening on port 64247
Read port: 64247
WebDriver BiDi listening on ws://127.0.0.1:64238
1665115337606	RemoteAgent	WARN	TLS certificate errors will be ignored for this session
UNSUPPORTED (log once): POSSIBLE ISSUE: unit 1 GLD_TEXTURE_INDEX_2D is unloadable and bound to sampler type (Float) - using zero texture because texture unloadable
console.warn: SearchSettings: "get: No settings file exists, new profile?" (new NotFoundError("Could not open the file at /var/folders/kh/np0tdw052gg77h97rt6rm3l80000gn/T/rust_mozprofilefVjpmY/search.json.mozlz4", (void 0)))
DevTools listening on ws://127.0.0.1:64238/devtools/browser/6996b65a-3518-47ca-8467-a9de9c23036a
console.warn: LoginRecipes: "Falling back to a synchronous message for: https://services.flhsmv.gov."
1665115347797	Marionette	INFO	Stopped listening on port 64247
1665115361920	geckodriver	INFO	Listening on 127.0.0.1:64457
1665115361924	mozrunner::runner	INFO	Running command: "/Applications/Firefox.app/Contents/MacOS/firefox-bin" "--marionette" "--remote-debugging-port" "64458" "--remote-allow-hosts" "localhost" "-foreground" "-no-remote" "-profile" "/var/folders/kh/np0tdw052gg77h97rt6rm3l80000gn/T/rust_mozprofiles8jiUu"
2022-10-06 21:02:42.191 plugin-container[36066:3487113] nil host used in call to allowsSpecificHTTPSCertificateForHost
2022-10-06 21:02:42.191 plugin-container[36066:3487113] nil host used in call to allowsAnyHTTPSCertificateForHost:
2022-10-06 21:02:42.193 plugin-container[36066:3487113] nil host used in call to allowsSpecificHTTPSCertificateForHost
2022-10-06 21:02:42.193 plugin-container[36066:3487113] nil host used in call to allowsAnyHTTPSCertificateForHost:
2022-10-06 21:02:42.193 plugin-container[36066:3487114] nil host used in call to allowsSpecificHTTPSCertificateForHost
2022-10-06 21:02:42.193 plugin-container[36066:3487114] nil host used in call to allowsAnyHTTPSCertificateForHost:
1665115362196	Marionette	INFO	Marionette enabled
1665115362220	Marionette	INFO	Listening on port 64465
Read port: 64465
WebDriver BiDi listening on ws://127.0.0.1:64458
1665115362353	RemoteAgent	WARN	TLS certificate errors will be ignored for this session
UNSUPPORTED (log once): POSSIBLE ISSUE: unit 1 GLD_TEXTURE_INDEX_2D is unloadable and bound to sampler type (Float) - using zero texture because texture unloadable
console.warn: SearchSettings: "get: No settings file exists, new profile?" (new NotFoundError("Could not open the file at /var/folders/kh/np0tdw052gg77h97rt6rm3l80000gn/T/rust_mozprofiles8jiUu/search.json.mozlz4", (void 0)))
DevTools listening on ws://127.0.0.1:64458/devtools/browser/340458c4-520e-48de-8636-4a6b673b5f14
console.warn: LoginRecipes: "Falling back to a synchronous message for: https://services.flhsmv.gov."
1665115390886	geckodriver	INFO	Listening on 127.0.0.1:64667
1665115391411	mozrunner::runner	INFO	Running command: "/Applications/Firefox.app/Contents/MacOS/firefox-bin" "--marionette" "--remote-debugging-port" "64668" "--remote-allow-hosts" "localhost" "-foreground" "-no-remote" "-profile" "/var/folders/kh/np0tdw052gg77h97rt6rm3l80000gn/T/rust_mozprofileDgAvNz"
2022-10-06 21:03:11.726 plugin-container[36080:3487795] nil host used in call to allowsSpecificHTTPSCertificateForHost
2022-10-06 21:03:11.727 plugin-container[36080:3487795] nil host used in call to allowsAnyHTTPSCertificateForHost:
2022-10-06 21:03:11.728 plugin-container[36080:3487795] nil host used in call to allowsSpecificHTTPSCertificateForHost
2022-10-06 21:03:11.728 plugin-container[36080:3487795] nil host used in call to allowsAnyHTTPSCertificateForHost:
2022-10-06 21:03:11.729 plugin-container[36080:3487821] nil host used in call to allowsSpecificHTTPSCertificateForHost
2022-10-06 21:03:11.729 plugin-container[36080:3487821] nil host used in call to allowsAnyHTTPSCertificateForHost:
1665115391731	Marionette	INFO	Marionette enabled
1665115391753	Marionette	INFO	Listening on port 64677
Read port: 64677
WebDriver BiDi listening on ws://127.0.0.1:64668
1665115391849	RemoteAgent	WARN	TLS certificate errors will be ignored for this session
UNSUPPORTED (log once): POSSIBLE ISSUE: unit 1 GLD_TEXTURE_INDEX_2D is unloadable and bound to sampler type (Float) - using zero texture because texture unloadable
console.warn: SearchSettings: "get: No settings file exists, new profile?" (new NotFoundError("Could not open the file at /var/folders/kh/np0tdw052gg77h97rt6rm3l80000gn/T/rust_mozprofileDgAvNz/search.json.mozlz4", (void 0)))
DevTools listening on ws://127.0.0.1:64668/devtools/browser/1032b879-ed23-4455-9bb2-086cf6b3f475
console.warn: LoginRecipes: "Falling back to a synchronous message for: https://services.flhsmv.gov."
1665115399499	Marionette	INFO	Stopped listening on port 64677
1665115400314	Marionette	INFO	Stopped listening on port 64465
!!! error running onStopped callback: TypeError: callback is not a function
1665115401104	Marionette	INFO	Stopped listening on port 63854
1665115401876	Marionette	INFO	Stopped listening on port 63445
1665115424104	geckodriver	INFO	Listening on 127.0.0.1:64873
1665115424108	mozrunner::runner	INFO	Running command: "/Applications/Firefox.app/Contents/MacOS/firefox-bin" "--marionette" "--remote-debugging-port" "64874" "--remote-allow-hosts" "localhost" "-foreground" "-no-remote" "-profile" "/var/folders/kh/np0tdw052gg77h97rt6rm3l80000gn/T/rust_mozprofileBfGoSJ"
2022-10-06 21:03:44.378 plugin-container[36100:3488561] nil host used in call to allowsSpecificHTTPSCertificateForHost
2022-10-06 21:03:44.378 plugin-container[36100:3488561] nil host used in call to allowsAnyHTTPSCertificateForHost:
2022-10-06 21:03:44.380 plugin-container[36100:3488561] nil host used in call to allowsSpecificHTTPSCertificateForHost
2022-10-06 21:03:44.380 plugin-container[36100:3488561] nil host used in call to allowsAnyHTTPSCertificateForHost:
2022-10-06 21:03:44.380 plugin-container[36100:3488568] nil host used in call to allowsSpecificHTTPSCertificateForHost
2022-10-06 21:03:44.380 plugin-container[36100:3488568] nil host used in call to allowsAnyHTTPSCertificateForHost:
1665115424382	Marionette	INFO	Marionette enabled
1665115424409	Marionette	INFO	Listening on port 64881
Read port: 64881
WebDriver BiDi listening on ws://127.0.0.1:64874
1665115424538	RemoteAgent	WARN	TLS certificate errors will be ignored for this session
UNSUPPORTED (log once): POSSIBLE ISSUE: unit 1 GLD_TEXTURE_INDEX_2D is unloadable and bound to sampler type (Float) - using zero texture because texture unloadable
console.warn: SearchSettings: "get: No settings file exists, new profile?" (new NotFoundError("Could not open the file at /var/folders/kh/np0tdw052gg77h97rt6rm3l80000gn/T/rust_mozprofileBfGoSJ/search.json.mozlz4", (void 0)))
DevTools listening on ws://127.0.0.1:64874/devtools/browser/a6b3a46c-96ae-4963-8e63-9fa90aa49986
console.warn: LoginRecipes: "Falling back to a synchronous message for: https://services.flhsmv.gov."
1665115446656	geckodriver	INFO	Listening on 127.0.0.1:65038
1665115446660	mozrunner::runner	INFO	Running command: "/Applications/Firefox.app/Contents/MacOS/firefox-bin" "--marionette" "--remote-debugging-port" "65039" "--remote-allow-hosts" "localhost" "-foreground" "-no-remote" "-profile" "/var/folders/kh/np0tdw052gg77h97rt6rm3l80000gn/T/rust_mozprofilebyX6Uc"
2022-10-06 21:04:06.919 plugin-container[36111:3489134] nil host used in call to allowsSpecificHTTPSCertificateForHost
2022-10-06 21:04:06.919 plugin-container[36111:3489134] nil host used in call to allowsAnyHTTPSCertificateForHost:
1665115446920	Marionette	INFO	Marionette enabled
2022-10-06 21:04:06.921 plugin-container[36111:3489134] nil host used in call to allowsSpecificHTTPSCertificateForHost
2022-10-06 21:04:06.921 plugin-container[36111:3489134] nil host used in call to allowsAnyHTTPSCertificateForHost:
2022-10-06 21:04:06.921 plugin-container[36111:3489163] nil host used in call to allowsSpecificHTTPSCertificateForHost
2022-10-06 21:04:06.921 plugin-container[36111:3489163] nil host used in call to allowsAnyHTTPSCertificateForHost:
1665115446941	Marionette	INFO	Listening on port 65042
Read port: 65042
WebDriver BiDi listening on ws://127.0.0.1:65039
1665115447032	RemoteAgent	WARN	TLS certificate errors will be ignored for this session
UNSUPPORTED (log once): POSSIBLE ISSUE: unit 1 GLD_TEXTURE_INDEX_2D is unloadable and bound to sampler type (Float) - using zero texture because texture unloadable
console.warn: SearchSettings: "get: No settings file exists, new profile?" (new NotFoundError("Could not open the file at /var/folders/kh/np0tdw052gg77h97rt6rm3l80000gn/T/rust_mozprofilebyX6Uc/search.json.mozlz4", (void 0)))
DevTools listening on ws://127.0.0.1:65039/devtools/browser/2c279ec7-fee6-4b0f-9f9d-be574b10c204
console.warn: LoginRecipes: "Falling back to a synchronous message for: https://services.flhsmv.gov."
1665115505023	geckodriver	INFO	Listening on 127.0.0.1:65345
1665115505542	mozrunner::runner	INFO	Running command: "/Applications/Firefox.app/Contents/MacOS/firefox-bin" "--marionette" "--remote-debugging-port" "65346" "--remote-allow-hosts" "localhost" "-foreground" "-no-remote" "-profile" "/var/folders/kh/np0tdw052gg77h97rt6rm3l80000gn/T/rust_mozprofileo7hSSS"
2022-10-06 21:05:05.835 plugin-container[36123:3489948] nil host used in call to allowsSpecificHTTPSCertificateForHost
2022-10-06 21:05:05.836 plugin-container[36123:3489948] nil host used in call to allowsAnyHTTPSCertificateForHost:
2022-10-06 21:05:05.837 plugin-container[36123:3489948] nil host used in call to allowsSpecificHTTPSCertificateForHost
2022-10-06 21:05:05.837 plugin-container[36123:3489948] nil host used in call to allowsAnyHTTPSCertificateForHost:
2022-10-06 21:05:05.838 plugin-container[36123:3489976] nil host used in call to allowsSpecificHTTPSCertificateForHost
2022-10-06 21:05:05.838 plugin-container[36123:3489976] nil host used in call to allowsAnyHTTPSCertificateForHost:
1665115505839	Marionette	INFO	Marionette enabled
1665115505862	Marionette	INFO	Listening on port 65356
WebDriver BiDi listening on ws://127.0.0.1:65346
Read port: 65356
1665115506042	RemoteAgent	WARN	TLS certificate errors will be ignored for this session
UNSUPPORTED (log once): POSSIBLE ISSUE: unit 1 GLD_TEXTURE_INDEX_2D is unloadable and bound to sampler type (Float) - using zero texture because texture unloadable
console.warn: SearchSettings: "get: No settings file exists, new profile?" (new NotFoundError("Could not open the file at /var/folders/kh/np0tdw052gg77h97rt6rm3l80000gn/T/rust_mozprofileo7hSSS/search.json.mozlz4", (void 0)))
DevTools listening on ws://127.0.0.1:65346/devtools/browser/e46f717f-ec7f-4ef5-b27b-88d157522f62
console.warn: LoginRecipes: "Falling back to a synchronous message for: https://services.flhsmv.gov."
console.warn: LoginRecipes: "Falling back to a synchronous message for: https://services.flhsmv.gov."
console.warn: LoginRecipes: "Falling back to a synchronous message for: https://services.flhsmv.gov."
console.warn: LoginRecipes: "Falling back to a synchronous message for: https://services.flhsmv.gov."
console.warn: LoginRecipes: "Falling back to a synchronous message for: https://services.flhsmv.gov."
console.warn: LoginRecipes: "Falling back to a synchronous message for: https://services.flhsmv.gov."
console.warn: LoginRecipes: "Falling back to a synchronous message for: https://services.flhsmv.gov."
console.warn: LoginRecipes: "Falling back to a synchronous message for: https://services.flhsmv.gov."
console.warn: LoginRecipes: "Falling back to a synchronous message for: https://services.flhsmv.gov."
console.warn: LoginRecipes: "Falling back to a synchronous message for: https://services.flhsmv.gov."
console.warn: LoginRecipes: "Falling back to a synchronous message for: https://services.flhsmv.gov."
console.warn: LoginRecipes: "Falling back to a synchronous message for: https://services.flhsmv.gov."
console.warn: LoginRecipes: "Falling back to a synchronous message for: https://services.flhsmv.gov."
console.warn: LoginRecipes: "Falling back to a synchronous message for: https://services.flhsmv.gov."
console.warn: LoginRecipes: "Falling back to a synchronous message for: https://services.flhsmv.gov."
console.warn: LoginRecipes: "Falling back to a synchronous message for: https://services.flhsmv.gov."
console.warn: LoginRecipes: "Falling back to a synchronous message for: https://services.flhsmv.gov."
console.warn: LoginRecipes: "Falling back to a synchronous message for: https://services.flhsmv.gov."
console.warn: LoginRecipes: "Falling back to a synchronous message for: https://services.flhsmv.gov."
console.warn: LoginRecipes: "Falling back to a synchronous message for: https://services.flhsmv.gov."
console.warn: LoginRecipes: "Falling back to a synchronous message for: https://services.flhsmv.gov."
console.warn: LoginRecipes: "Falling back to a synchronous message for: https://services.flhsmv.gov."
console.warn: LoginRecipes: "Falling back to a synchronous message for: https://services.flhsmv.gov."
console.warn: LoginRecipes: "Falling back to a synchronous message for: https://services.flhsmv.gov."
console.warn: LoginRecipes: "Falling back to a synchronous message for: https://services.flhsmv.gov."
console.warn: LoginRecipes: "Falling back to a synchronous message for: https://services.flhsmv.gov."
console.warn: LoginRecipes: "Falling back to a synchronous message for: https://services.flhsmv.gov."
console.warn: LoginRecipes: "Falling back to a synchronous message for: https://services.flhsmv.gov."
console.warn: LoginRecipes: "Falling back to a synchronous message for: https://services.flhsmv.gov."
console.warn: LoginRecipes: "Falling back to a synchronous message for: https://services.flhsmv.gov."
console.warn: LoginRecipes: "Falling back to a synchronous message for: https://services.flhsmv.gov."
console.warn: LoginRecipes: "Falling back to a synchronous message for: https://services.flhsmv.gov."
console.warn: LoginRecipes: "Falling back to a synchronous message for: https://services.flhsmv.gov."
console.warn: LoginRecipes: "Falling back to a synchronous message for: https://services.flhsmv.gov."
console.warn: LoginRecipes: "Falling back to a synchronous message for: https://services.flhsmv.gov."
console.warn: LoginRecipes: "Falling back to a synchronous message for: https://services.flhsmv.gov."
console.warn: LoginRecipes: "Falling back to a synchronous message for: https://services.flhsmv.gov."
console.warn: LoginRecipes: "Falling back to a synchronous message for: https://services.flhsmv.gov."
console.warn: LoginRecipes: "Falling back to a synchronous message for: https://services.flhsmv.gov."
console.warn: LoginRecipes: "Falling back to a synchronous message for: https://services.flhsmv.gov."
console.warn: LoginRecipes: "Falling back to a synchronous message for: https://services.flhsmv.gov."
console.warn: LoginRecipes: "Falling back to a synchronous message for: https://services.flhsmv.gov."
console.warn: LoginRecipes: "Falling back to a synchronous message for: https://services.flhsmv.gov."
console.warn: LoginRecipes: "Falling back to a synchronous message for: https://services.flhsmv.gov."
console.warn: LoginRecipes: "Falling back to a synchronous message for: https://services.flhsmv.gov."
console.warn: LoginRecipes: "Falling back to a synchronous message for: https://services.flhsmv.gov."
console.warn: LoginRecipes: "Falling back to a synchronous message for: https://services.flhsmv.gov."
console.warn: LoginRecipes: "Falling back to a synchronous message for: https://services.flhsmv.gov."
console.warn: LoginRecipes: "Falling back to a synchronous message for: https://services.flhsmv.gov."
console.warn: LoginRecipes: "Falling back to a synchronous message for: https://services.flhsmv.gov."
console.warn: LoginRecipes: "Falling back to a synchronous message for: https://services.flhsmv.gov."
console.warn: LoginRecipes: "Falling back to a synchronous message for: https://services.flhsmv.gov."
console.warn: LoginRecipes: "Falling back to a synchronous message for: https://services.flhsmv.gov."
console.warn: LoginRecipes: "Falling back to a synchronous message for: https://services.flhsmv.gov."
console.warn: LoginRecipes: "Falling back to a synchronous message for: https://services.flhsmv.gov."
console.warn: LoginRecipes: "Falling back to a synchronous message for: https://services.flhsmv.gov."
console.warn: LoginRecipes: "Falling back to a synchronous message for: https://services.flhsmv.gov."
console.warn: LoginRecipes: "Falling back to a synchronous message for: https://services.flhsmv.gov."
console.warn: LoginRecipes: "Falling back to a synchronous message for: https://services.flhsmv.gov."
console.warn: LoginRecipes: "Falling back to a synchronous message for: https://services.flhsmv.gov."
console.warn: LoginRecipes: "Falling back to a synchronous message for: https://services.flhsmv.gov."
console.warn: LoginRecipes: "Falling back to a synchronous message for: https://services.flhsmv.gov."
console.warn: LoginRecipes: "Falling back to a synchronous message for: https://services.flhsmv.gov."
console.warn: LoginRecipes: "Falling back to a synchronous message for: https://services.flhsmv.gov."
console.warn: LoginRecipes: "Falling back to a synchronous message for: https://services.flhsmv.gov."
console.warn: LoginRecipes: "Falling back to a synchronous message for: https://services.flhsmv.gov."
console.warn: LoginRecipes: "Falling back to a synchronous message for: https://services.flhsmv.gov."
console.warn: LoginRecipes: "Falling back to a synchronous message for: https://services.flhsmv.gov."
console.warn: LoginRecipes: "Falling back to a synchronous message for: https://services.flhsmv.gov."
console.warn: LoginRecipes: "Falling back to a synchronous message for: https://services.flhsmv.gov."
console.warn: LoginRecipes: "Falling back to a synchronous message for: https://services.flhsmv.gov."
console.warn: LoginRecipes: "Falling back to a synchronous message for: https://services.flhsmv.gov."
console.warn: LoginRecipes: "Falling back to a synchronous message for: https://services.flhsmv.gov."
console.warn: LoginRecipes: "Falling back to a synchronous message for: https://services.flhsmv.gov."
console.warn: LoginRecipes: "Falling back to a synchronous message for: https://services.flhsmv.gov."
console.warn: LoginRecipes: "Falling back to a synchronous message for: https://services.flhsmv.gov."
console.warn: LoginRecipes: "Falling back to a synchronous message for: https://services.flhsmv.gov."
console.warn: LoginRecipes: "Falling back to a synchronous message for: https://services.flhsmv.gov."
console.warn: LoginRecipes: "Falling back to a synchronous message for: https://services.flhsmv.gov."
console.warn: LoginRecipes: "Falling back to a synchronous message for: https://services.flhsmv.gov."
console.warn: LoginRecipes: "Falling back to a synchronous message for: https://services.flhsmv.gov."
console.warn: LoginRecipes: "Falling back to a synchronous message for: https://services.flhsmv.gov."
console.warn: LoginRecipes: "Falling back to a synchronous message for: https://services.flhsmv.gov."
console.warn: LoginRecipes: "Falling back to a synchronous message for: https://services.flhsmv.gov."
console.warn: LoginRecipes: "Falling back to a synchronous message for: https://services.flhsmv.gov."
console.warn: LoginRecipes: "Falling back to a synchronous message for: https://services.flhsmv.gov."
console.warn: LoginRecipes: "Falling back to a synchronous message for: https://services.flhsmv.gov."
console.warn: LoginRecipes: "Falling back to a synchronous message for: https://services.flhsmv.gov."
console.warn: LoginRecipes: "Falling back to a synchronous message for: https://services.flhsmv.gov."
console.warn: LoginRecipes: "Falling back to a synchronous message for: https://services.flhsmv.gov."
console.warn: LoginRecipes: "Falling back to a synchronous message for: https://services.flhsmv.gov."
console.warn: LoginRecipes: "Falling back to a synchronous message for: https://services.flhsmv.gov."
console.warn: LoginRecipes: "Falling back to a synchronous message for: https://services.flhsmv.gov."
console.warn: LoginRecipes: "Falling back to a synchronous message for: https://services.flhsmv.gov."
console.warn: LoginRecipes: "Falling back to a synchronous message for: https://services.flhsmv.gov."
console.warn: LoginRecipes: "Falling back to a synchronous message for: https://services.flhsmv.gov."
console.warn: LoginRecipes: "Falling back to a synchronous message for: https://services.flhsmv.gov."
console.warn: LoginRecipes: "Falling back to a synchronous message for: https://services.flhsmv.gov."
console.warn: LoginRecipes: "Falling back to a synchronous message for: https://services.flhsmv.gov."
console.warn: LoginRecipes: "Falling back to a synchronous message for: https://services.flhsmv.gov."
console.warn: LoginRecipes: "Falling back to a synchronous message for: https://services.flhsmv.gov."
console.warn: LoginRecipes: "Falling back to a synchronous message for: https://services.flhsmv.gov."
console.warn: LoginRecipes: "Falling back to a synchronous message for: https://services.flhsmv.gov."
console.warn: LoginRecipes: "Falling back to a synchronous message for: https://services.flhsmv.gov."
console.warn: LoginRecipes: "Falling back to a synchronous message for: https://services.flhsmv.gov."
console.warn: LoginRecipes: "Falling back to a synchronous message for: https://services.flhsmv.gov."
console.warn: LoginRecipes: "Falling back to a synchronous message for: https://services.flhsmv.gov."
console.warn: LoginRecipes: "Falling back to a synchronous message for: https://services.flhsmv.gov."
console.warn: LoginRecipes: "Falling back to a synchronous message for: https://services.flhsmv.gov."
console.warn: LoginRecipes: "Falling back to a synchronous message for: https://services.flhsmv.gov."
console.warn: LoginRecipes: "Falling back to a synchronous message for: https://services.flhsmv.gov."
console.warn: LoginRecipes: "Falling back to a synchronous message for: https://services.flhsmv.gov."
console.warn: LoginRecipes: "Falling back to a synchronous message for: https://services.flhsmv.gov."
console.warn: LoginRecipes: "Falling back to a synchronous message for: https://services.flhsmv.gov."
console.warn: LoginRecipes: "Falling back to a synchronous message for: https://services.flhsmv.gov."
console.warn: LoginRecipes: "Falling back to a synchronous message for: https://services.flhsmv.gov."
console.warn: LoginRecipes: "Falling back to a synchronous message for: https://services.flhsmv.gov."
console.warn: LoginRecipes: "Falling back to a synchronous message for: https://services.flhsmv.gov."
console.warn: LoginRecipes: "Falling back to a synchronous message for: https://services.flhsmv.gov."
console.warn: LoginRecipes: "Falling back to a synchronous message for: https://services.flhsmv.gov."
console.warn: LoginRecipes: "Falling back to a synchronous message for: https://services.flhsmv.gov."
console.warn: LoginRecipes: "Falling back to a synchronous message for: https://services.flhsmv.gov."
console.warn: LoginRecipes: "Falling back to a synchronous message for: https://services.flhsmv.gov."
console.warn: LoginRecipes: "Falling back to a synchronous message for: https://services.flhsmv.gov."
console.warn: LoginRecipes: "Falling back to a synchronous message for: https://services.flhsmv.gov."
console.warn: LoginRecipes: "Falling back to a synchronous message for: https://services.flhsmv.gov."
console.warn: LoginRecipes: "Falling back to a synchronous message for: https://services.flhsmv.gov."
console.warn: LoginRecipes: "Falling back to a synchronous message for: https://services.flhsmv.gov."
console.warn: LoginRecipes: "Falling back to a synchronous message for: https://services.flhsmv.gov."
console.warn: LoginRecipes: "Falling back to a synchronous message for: https://services.flhsmv.gov."
console.warn: LoginRecipes: "Falling back to a synchronous message for: https://services.flhsmv.gov."
console.warn: LoginRecipes: "Falling back to a synchronous message for: https://services.flhsmv.gov."
console.warn: LoginRecipes: "Falling back to a synchronous message for: https://services.flhsmv.gov."
console.warn: LoginRecipes: "Falling back to a synchronous message for: https://services.flhsmv.gov."
console.warn: LoginRecipes: "Falling back to a synchronous message for: https://services.flhsmv.gov."
console.warn: LoginRecipes: "Falling back to a synchronous message for: https://services.flhsmv.gov."
console.warn: LoginRecipes: "Falling back to a synchronous message for: https://services.flhsmv.gov."
console.warn: LoginRecipes: "Falling back to a synchronous message for: https://services.flhsmv.gov."
console.warn: LoginRecipes: "Falling back to a synchronous message for: https://services.flhsmv.gov."
console.warn: LoginRecipes: "Falling back to a synchronous message for: https://services.flhsmv.gov."
console.warn: LoginRecipes: "Falling back to a synchronous message for: https://services.flhsmv.gov."
console.warn: LoginRecipes: "Falling back to a synchronous message for: https://services.flhsmv.gov."
console.warn: LoginRecipes: "Falling back to a synchronous message for: https://services.flhsmv.gov."
console.warn: LoginRecipes: "Falling back to a synchronous message for: https://services.flhsmv.gov."
console.warn: LoginRecipes: "Falling back to a synchronous message for: https://services.flhsmv.gov."
console.warn: LoginRecipes: "Falling back to a synchronous message for: https://services.flhsmv.gov."
console.warn: LoginRecipes: "Falling back to a synchronous message for: https://services.flhsmv.gov."
console.warn: LoginRecipes: "Falling back to a synchronous message for: https://services.flhsmv.gov."
console.warn: LoginRecipes: "Falling back to a synchronous message for: https://services.flhsmv.gov."
console.warn: LoginRecipes: "Falling back to a synchronous message for: https://services.flhsmv.gov."
console.warn: LoginRecipes: "Falling back to a synchronous message for: https://services.flhsmv.gov."
console.warn: LoginRecipes: "Falling back to a synchronous message for: https://services.flhsmv.gov."
console.warn: LoginRecipes: "Falling back to a synchronous message for: https://services.flhsmv.gov."
console.warn: LoginRecipes: "Falling back to a synchronous message for: https://services.flhsmv.gov."
console.warn: LoginRecipes: "Falling back to a synchronous message for: https://services.flhsmv.gov."
console.warn: LoginRecipes: "Falling back to a synchronous message for: https://services.flhsmv.gov."
console.warn: LoginRecipes: "Falling back to a synchronous message for: https://services.flhsmv.gov."
console.warn: LoginRecipes: "Falling back to a synchronous message for: https://services.flhsmv.gov."
console.warn: LoginRecipes: "Falling back to a synchronous message for: https://services.flhsmv.gov."
console.warn: LoginRecipes: "Falling back to a synchronous message for: https://services.flhsmv.gov."
console.warn: LoginRecipes: "Falling back to a synchronous message for: https://services.flhsmv.gov."
console.warn: LoginRecipes: "Falling back to a synchronous message for: https://services.flhsmv.gov."
console.warn: LoginRecipes: "Falling back to a synchronous message for: https://services.flhsmv.gov."
console.warn: LoginRecipes: "Falling back to a synchronous message for: https://services.flhsmv.gov."
console.warn: LoginRecipes: "Falling back to a synchronous message for: https://services.flhsmv.gov."
console.warn: LoginRecipes: "Falling back to a synchronous message for: https://services.flhsmv.gov."
console.warn: LoginRecipes: "Falling back to a synchronous message for: https://services.flhsmv.gov."
console.warn: LoginRecipes: "Falling back to a synchronous message for: https://services.flhsmv.gov."
console.warn: LoginRecipes: "Falling back to a synchronous message for: https://services.flhsmv.gov."
console.warn: LoginRecipes: "Falling back to a synchronous message for: https://services.flhsmv.gov."
console.warn: LoginRecipes: "Falling back to a synchronous message for: https://services.flhsmv.gov."
console.warn: LoginRecipes: "Falling back to a synchronous message for: https://services.flhsmv.gov."
console.warn: LoginRecipes: "Falling back to a synchronous message for: https://services.flhsmv.gov."
console.warn: LoginRecipes: "Falling back to a synchronous message for: https://services.flhsmv.gov."
console.warn: LoginRecipes: "Falling back to a synchronous message for: https://services.flhsmv.gov."
console.warn: LoginRecipes: "Falling back to a synchronous message for: https://services.flhsmv.gov."
console.warn: LoginRecipes: "Falling back to a synchronous message for: https://services.flhsmv.gov."
console.warn: LoginRecipes: "Falling back to a synchronous message for: https://services.flhsmv.gov."
console.warn: LoginRecipes: "Falling back to a synchronous message for: https://services.flhsmv.gov."
console.warn: LoginRecipes: "Falling back to a synchronous message for: https://services.flhsmv.gov."
console.warn: LoginRecipes: "Falling back to a synchronous message for: https://services.flhsmv.gov."
console.warn: LoginRecipes: "Falling back to a synchronous message for: https://services.flhsmv.gov."
console.warn: LoginRecipes: "Falling back to a synchronous message for: https://services.flhsmv.gov."
console.warn: LoginRecipes: "Falling back to a synchronous message for: https://services.flhsmv.gov."
console.warn: LoginRecipes: "Falling back to a synchronous message for: https://services.flhsmv.gov."
console.warn: LoginRecipes: "Falling back to a synchronous message for: https://services.flhsmv.gov."
console.warn: LoginRecipes: "Falling back to a synchronous message for: https://services.flhsmv.gov."
console.warn: LoginRecipes: "Falling back to a synchronous message for: https://services.flhsmv.gov."
console.warn: LoginRecipes: "Falling back to a synchronous message for: https://services.flhsmv.gov."
console.warn: LoginRecipes: "Falling back to a synchronous message for: https://services.flhsmv.gov."
console.warn: LoginRecipes: "Falling back to a synchronous message for: https://services.flhsmv.gov."
console.warn: LoginRecipes: "Falling back to a synchronous message for: https://services.flhsmv.gov."
console.warn: LoginRecipes: "Falling back to a synchronous message for: https://services.flhsmv.gov."
console.warn: LoginRecipes: "Falling back to a synchronous message for: https://services.flhsmv.gov."
console.warn: LoginRecipes: "Falling back to a synchronous message for: https://services.flhsmv.gov."
console.warn: LoginRecipes: "Falling back to a synchronous message for: https://services.flhsmv.gov."
console.warn: LoginRecipes: "Falling back to a synchronous message for: https://services.flhsmv.gov."
console.warn: LoginRecipes: "Falling back to a synchronous message for: https://services.flhsmv.gov."
console.warn: LoginRecipes: "Falling back to a synchronous message for: https://services.flhsmv.gov."
console.warn: LoginRecipes: "Falling back to a synchronous message for: https://services.flhsmv.gov."
console.warn: LoginRecipes: "Falling back to a synchronous message for: https://services.flhsmv.gov."
console.warn: LoginRecipes: "Falling back to a synchronous message for: https://services.flhsmv.gov."
console.warn: LoginRecipes: "Falling back to a synchronous message for: https://services.flhsmv.gov."
console.warn: LoginRecipes: "Falling back to a synchronous message for: https://services.flhsmv.gov."
console.warn: LoginRecipes: "Falling back to a synchronous message for: https://services.flhsmv.gov."
console.warn: LoginRecipes: "Falling back to a synchronous message for: https://services.flhsmv.gov."
console.warn: LoginRecipes: "Falling back to a synchronous message for: https://services.flhsmv.gov."
console.warn: LoginRecipes: "Falling back to a synchronous message for: https://services.flhsmv.gov."
console.warn: LoginRecipes: "Falling back to a synchronous message for: https://services.flhsmv.gov."
console.warn: LoginRecipes: "Falling back to a synchronous message for: https://services.flhsmv.gov."
console.warn: LoginRecipes: "Falling back to a synchronous message for: https://services.flhsmv.gov."
console.warn: LoginRecipes: "Falling back to a synchronous message for: https://services.flhsmv.gov."
console.warn: LoginRecipes: "Falling back to a synchronous message for: https://services.flhsmv.gov."
console.warn: LoginRecipes: "Falling back to a synchronous message for: https://services.flhsmv.gov."
console.warn: LoginRecipes: "Falling back to a synchronous message for: https://services.flhsmv.gov."
console.warn: LoginRecipes: "Falling back to a synchronous message for: https://services.flhsmv.gov."
console.warn: LoginRecipes: "Falling back to a synchronous message for: https://services.flhsmv.gov."
console.warn: LoginRecipes: "Falling back to a synchronous message for: https://services.flhsmv.gov."
console.warn: LoginRecipes: "Falling back to a synchronous message for: https://services.flhsmv.gov."
console.warn: LoginRecipes: "Falling back to a synchronous message for: https://services.flhsmv.gov."
console.warn: LoginRecipes: "Falling back to a synchronous message for: https://services.flhsmv.gov."
console.warn: LoginRecipes: "Falling back to a synchronous message for: https://services.flhsmv.gov."
console.warn: LoginRecipes: "Falling back to a synchronous message for: https://services.flhsmv.gov."
console.warn: LoginRecipes: "Falling back to a synchronous message for: https://services.flhsmv.gov."
console.warn: LoginRecipes: "Falling back to a synchronous message for: https://services.flhsmv.gov."
console.warn: LoginRecipes: "Falling back to a synchronous message for: https://services.flhsmv.gov."
console.warn: LoginRecipes: "Falling back to a synchronous message for: https://services.flhsmv.gov."
console.warn: LoginRecipes: "Falling back to a synchronous message for: https://services.flhsmv.gov."
console.warn: LoginRecipes: "Falling back to a synchronous message for: https://services.flhsmv.gov."
console.warn: LoginRecipes: "Falling back to a synchronous message for: https://services.flhsmv.gov."
console.warn: LoginRecipes: "Falling back to a synchronous message for: https://services.flhsmv.gov."
console.warn: LoginRecipes: "Falling back to a synchronous message for: https://services.flhsmv.gov."
console.warn: LoginRecipes: "Falling back to a synchronous message for: https://services.flhsmv.gov."
console.warn: LoginRecipes: "Falling back to a synchronous message for: https://services.flhsmv.gov."
console.warn: LoginRecipes: "Falling back to a synchronous message for: https://services.flhsmv.gov."
console.warn: LoginRecipes: "Falling back to a synchronous message for: https://services.flhsmv.gov."
console.warn: LoginRecipes: "Falling back to a synchronous message for: https://services.flhsmv.gov."
console.warn: LoginRecipes: "Falling back to a synchronous message for: https://services.flhsmv.gov."
console.warn: LoginRecipes: "Falling back to a synchronous message for: https://services.flhsmv.gov."
console.warn: LoginRecipes: "Falling back to a synchronous message for: https://services.flhsmv.gov."
console.warn: LoginRecipes: "Falling back to a synchronous message for: https://services.flhsmv.gov."
console.warn: LoginRecipes: "Falling back to a synchronous message for: https://services.flhsmv.gov."
console.warn: LoginRecipes: "Falling back to a synchronous message for: https://services.flhsmv.gov."
console.warn: LoginRecipes: "Falling back to a synchronous message for: https://services.flhsmv.gov."
console.warn: LoginRecipes: "Falling back to a synchronous message for: https://services.flhsmv.gov."
console.warn: LoginRecipes: "Falling back to a synchronous message for: https://services.flhsmv.gov."
console.warn: LoginRecipes: "Falling back to a synchronous message for: https://services.flhsmv.gov."
console.warn: LoginRecipes: "Falling back to a synchronous message for: https://services.flhsmv.gov."
console.warn: LoginRecipes: "Falling back to a synchronous message for: https://services.flhsmv.gov."
console.warn: LoginRecipes: "Falling back to a synchronous message for: https://services.flhsmv.gov."
console.warn: LoginRecipes: "Falling back to a synchronous message for: https://services.flhsmv.gov."
console.warn: LoginRecipes: "Falling back to a synchronous message for: https://services.flhsmv.gov."
console.warn: LoginRecipes: "Falling back to a synchronous message for: https://services.flhsmv.gov."
1665115829889	geckodriver	INFO	Listening on 127.0.0.1:51567
1665115830420	mozrunner::runner	INFO	Running command: "/Applications/Firefox.app/Contents/MacOS/firefox-bin" "--marionette" "--remote-debugging-port" "51568" "--remote-allow-hosts" "localhost" "-foreground" "-no-remote" "-profile" "/var/folders/kh/np0tdw052gg77h97rt6rm3l80000gn/T/rust_mozprofilexfPdhc"
2022-10-06 21:10:30.764 plugin-container[36172:3492919] nil host used in call to allowsSpecificHTTPSCertificateForHost
2022-10-06 21:10:30.764 plugin-container[36172:3492919] nil host used in call to allowsAnyHTTPSCertificateForHost:
1665115830765	Marionette	INFO	Marionette enabled
2022-10-06 21:10:30.786 plugin-container[36172:3492919] nil host used in call to allowsSpecificHTTPSCertificateForHost
2022-10-06 21:10:30.786 plugin-container[36172:3492919] nil host used in call to allowsAnyHTTPSCertificateForHost:
2022-10-06 21:10:30.786 plugin-container[36172:3492917] nil host used in call to allowsSpecificHTTPSCertificateForHost
2022-10-06 21:10:30.786 plugin-container[36172:3492917] nil host used in call to allowsAnyHTTPSCertificateForHost:
1665115830787	Marionette	INFO	Listening on port 51577
Read port: 51577
WebDriver BiDi listening on ws://127.0.0.1:51568
1665115830883	RemoteAgent	WARN	TLS certificate errors will be ignored for this session
UNSUPPORTED (log once): POSSIBLE ISSUE: unit 1 GLD_TEXTURE_INDEX_2D is unloadable and bound to sampler type (Float) - using zero texture because texture unloadable
console.warn: SearchSettings: "get: No settings file exists, new profile?" (new NotFoundError("Could not open the file at /var/folders/kh/np0tdw052gg77h97rt6rm3l80000gn/T/rust_mozprofilexfPdhc/search.json.mozlz4", (void 0)))
DevTools listening on ws://127.0.0.1:51568/devtools/browser/6f281c57-9f0c-493c-8cd8-aa023f080cd5
Exiting due to channel error.
Exiting due to channel error.
Exiting due to channel error.
1665115875437	geckodriver	INFO	Listening on 127.0.0.1:52423
1665115875443	mozrunner::runner	INFO	Running command: "/Applications/Firefox.app/Contents/MacOS/firefox-bin" "--marionette" "--remote-debugging-port" "52424" "--remote-allow-hosts" "localhost" "-foreground" "-no-remote" "-profile" "/var/folders/kh/np0tdw052gg77h97rt6rm3l80000gn/T/rust_mozprofileRHepfV"
2022-10-06 21:11:15.715 plugin-container[36181:3493892] nil host used in call to allowsSpecificHTTPSCertificateForHost
2022-10-06 21:11:15.715 plugin-container[36181:3493892] nil host used in call to allowsAnyHTTPSCertificateForHost:
1665115875719	Marionette	INFO	Marionette enabled
2022-10-06 21:11:15.738 plugin-container[36181:3493892] nil host used in call to allowsSpecificHTTPSCertificateForHost
2022-10-06 21:11:15.738 plugin-container[36181:3493892] nil host used in call to allowsAnyHTTPSCertificateForHost:
2022-10-06 21:11:15.738 plugin-container[36181:3493897] nil host used in call to allowsSpecificHTTPSCertificateForHost
2022-10-06 21:11:15.738 plugin-container[36181:3493897] nil host used in call to allowsAnyHTTPSCertificateForHost:
1665115875741	Marionette	INFO	Listening on port 52427
Read port: 52427
WebDriver BiDi listening on ws://127.0.0.1:52424
1665115875836	RemoteAgent	WARN	TLS certificate errors will be ignored for this session
UNSUPPORTED (log once): POSSIBLE ISSUE: unit 1 GLD_TEXTURE_INDEX_2D is unloadable and bound to sampler type (Float) - using zero texture because texture unloadable
console.warn: SearchSettings: "get: No settings file exists, new profile?" (new NotFoundError("Could not open the file at /var/folders/kh/np0tdw052gg77h97rt6rm3l80000gn/T/rust_mozprofileRHepfV/search.json.mozlz4", (void 0)))
DevTools listening on ws://127.0.0.1:52424/devtools/browser/2abffb79-aa0e-4f54-98ac-337a5c87b621
1665115921958	geckodriver	INFO	Listening on 127.0.0.1:53283
1665115921962	mozrunner::runner	INFO	Running command: "/Applications/Firefox.app/Contents/MacOS/firefox-bin" "--marionette" "--remote-debugging-port" "53284" "--remote-allow-hosts" "localhost" "-foreground" "-no-remote" "-profile" "/var/folders/kh/np0tdw052gg77h97rt6rm3l80000gn/T/rust_mozprofiletXPizQ"
2022-10-06 21:12:02.237 plugin-container[36192:3494721] nil host used in call to allowsSpecificHTTPSCertificateForHost
2022-10-06 21:12:02.237 plugin-container[36192:3494721] nil host used in call to allowsAnyHTTPSCertificateForHost:
2022-10-06 21:12:02.239 plugin-container[36192:3494721] nil host used in call to allowsSpecificHTTPSCertificateForHost
2022-10-06 21:12:02.239 plugin-container[36192:3494721] nil host used in call to allowsAnyHTTPSCertificateForHost:
2022-10-06 21:12:02.239 plugin-container[36192:3494731] nil host used in call to allowsSpecificHTTPSCertificateForHost
2022-10-06 21:12:02.239 plugin-container[36192:3494731] nil host used in call to allowsAnyHTTPSCertificateForHost:
1665115922241	Marionette	INFO	Marionette enabled
1665115922262	Marionette	INFO	Listening on port 53287
Read port: 53287
WebDriver BiDi listening on ws://127.0.0.1:53284
1665115922353	RemoteAgent	WARN	TLS certificate errors will be ignored for this session
UNSUPPORTED (log once): POSSIBLE ISSUE: unit 1 GLD_TEXTURE_INDEX_2D is unloadable and bound to sampler type (Float) - using zero texture because texture unloadable
console.warn: SearchSettings: "get: No settings file exists, new profile?" (new NotFoundError("Could not open the file at /var/folders/kh/np0tdw052gg77h97rt6rm3l80000gn/T/rust_mozprofiletXPizQ/search.json.mozlz4", (void 0)))
DevTools listening on ws://127.0.0.1:53284/devtools/browser/a49a31b9-3557-488b-89a3-01423e225e79
console.warn: LoginRecipes: "Falling back to a synchronous message for: https://services.flhsmv.gov."
console.warn: LoginRecipes: "Falling back to a synchronous message for: https://services.flhsmv.gov."
console.warn: LoginRecipes: "Falling back to a synchronous message for: https://services.flhsmv.gov."
console.warn: LoginRecipes: "Falling back to a synchronous message for: https://services.flhsmv.gov."
console.warn: LoginRecipes: "Falling back to a synchronous message for: https://services.flhsmv.gov."
console.warn: LoginRecipes: "Falling back to a synchronous message for: https://services.flhsmv.gov."
console.warn: LoginRecipes: "Falling back to a synchronous message for: https://services.flhsmv.gov."
console.warn: LoginRecipes: "Falling back to a synchronous message for: https://services.flhsmv.gov."
console.warn: LoginRecipes: "Falling back to a synchronous message for: https://services.flhsmv.gov."
console.warn: LoginRecipes: "Falling back to a synchronous message for: https://services.flhsmv.gov."
console.warn: LoginRecipes: "Falling back to a synchronous message for: https://services.flhsmv.gov."
console.warn: LoginRecipes: "Falling back to a synchronous message for: https://services.flhsmv.gov."
console.warn: LoginRecipes: "Falling back to a synchronous message for: https://services.flhsmv.gov."
console.warn: LoginRecipes: "Falling back to a synchronous message for: https://services.flhsmv.gov."
console.warn: LoginRecipes: "Falling back to a synchronous message for: https://services.flhsmv.gov."
console.warn: LoginRecipes: "Falling back to a synchronous message for: https://services.flhsmv.gov."
console.warn: LoginRecipes: "Falling back to a synchronous message for: https://services.flhsmv.gov."
console.warn: LoginRecipes: "Falling back to a synchronous message for: https://services.flhsmv.gov."
console.warn: LoginRecipes: "Falling back to a synchronous message for: https://services.flhsmv.gov."
console.warn: LoginRecipes: "Falling back to a synchronous message for: https://services.flhsmv.gov."
console.warn: LoginRecipes: "Falling back to a synchronous message for: https://services.flhsmv.gov."
Exiting due to channel error.
Exiting due to channel error.
[GFX1-]: Receive IPC close with reason=AbnormalShutdown
Exiting due to channel error.
1665115960192	Marionette	INFO	Stopped listening on port 52427
1665115961039	Marionette	INFO	Stopped listening on port 65356
1665115961943	Marionette	INFO	Stopped listening on port 65042
1665115962632	Marionette	INFO	Stopped listening on port 64881
1665115982431	geckodriver	INFO	Listening on 127.0.0.1:53972
1665115982435	mozrunner::runner	INFO	Running command: "/Applications/Firefox.app/Contents/MacOS/firefox-bin" "--marionette" "--remote-debugging-port" "53973" "--remote-allow-hosts" "localhost" "-foreground" "-no-remote" "-profile" "/var/folders/kh/np0tdw052gg77h97rt6rm3l80000gn/T/rust_mozprofilelq1Lli"
2022-10-06 21:13:02.699 plugin-container[36235:3496079] nil host used in call to allowsSpecificHTTPSCertificateForHost
2022-10-06 21:13:02.699 plugin-container[36235:3496079] nil host used in call to allowsAnyHTTPSCertificateForHost:
1665115982700	Marionette	INFO	Marionette enabled
2022-10-06 21:13:02.701 plugin-container[36235:3496079] nil host used in call to allowsSpecificHTTPSCertificateForHost
2022-10-06 21:13:02.701 plugin-container[36235:3496079] nil host used in call to allowsAnyHTTPSCertificateForHost:
2022-10-06 21:13:02.701 plugin-container[36235:3496109] nil host used in call to allowsSpecificHTTPSCertificateForHost
2022-10-06 21:13:02.701 plugin-container[36235:3496109] nil host used in call to allowsAnyHTTPSCertificateForHost:
1665115982725	Marionette	INFO	Listening on port 53976
Read port: 53976
WebDriver BiDi listening on ws://127.0.0.1:53973
1665115982816	RemoteAgent	WARN	TLS certificate errors will be ignored for this session
UNSUPPORTED (log once): POSSIBLE ISSUE: unit 1 GLD_TEXTURE_INDEX_2D is unloadable and bound to sampler type (Float) - using zero texture because texture unloadable
console.warn: SearchSettings: "get: No settings file exists, new profile?" (new NotFoundError("Could not open the file at /var/folders/kh/np0tdw052gg77h97rt6rm3l80000gn/T/rust_mozprofilelq1Lli/search.json.mozlz4", (void 0)))
DevTools listening on ws://127.0.0.1:53973/devtools/browser/1a167081-5020-4c53-9021-c000d2f61141
console.warn: LoginRecipes: "Falling back to a synchronous message for: https://services.flhsmv.gov."
console.warn: LoginRecipes: "Falling back to a synchronous message for: https://services.flhsmv.gov."
console.warn: LoginRecipes: "Falling back to a synchronous message for: https://services.flhsmv.gov."
console.warn: LoginRecipes: "Falling back to a synchronous message for: https://services.flhsmv.gov."
console.warn: LoginRecipes: "Falling back to a synchronous message for: https://services.flhsmv.gov."
console.warn: LoginRecipes: "Falling back to a synchronous message for: https://services.flhsmv.gov."
console.warn: LoginRecipes: "Falling back to a synchronous message for: https://services.flhsmv.gov."
console.warn: LoginRecipes: "Falling back to a synchronous message for: https://services.flhsmv.gov."
console.warn: LoginRecipes: "Falling back to a synchronous message for: https://services.flhsmv.gov."
console.warn: LoginRecipes: "Falling back to a synchronous message for: https://services.flhsmv.gov."
console.warn: LoginRecipes: "Falling back to a synchronous message for: https://services.flhsmv.gov."
console.warn: LoginRecipes: "Falling back to a synchronous message for: https://services.flhsmv.gov."
console.warn: LoginRecipes: "Falling back to a synchronous message for: https://services.flhsmv.gov."
console.warn: LoginRecipes: "Falling back to a synchronous message for: https://services.flhsmv.gov."
console.warn: LoginRecipes: "Falling back to a synchronous message for: https://services.flhsmv.gov."
console.warn: LoginRecipes: "Falling back to a synchronous message for: https://services.flhsmv.gov."
console.warn: LoginRecipes: "Falling back to a synchronous message for: https://services.flhsmv.gov."
console.warn: LoginRecipes: "Falling back to a synchronous message for: https://services.flhsmv.gov."
console.warn: LoginRecipes: "Falling back to a synchronous message for: https://services.flhsmv.gov."
console.warn: LoginRecipes: "Falling back to a synchronous message for: https://services.flhsmv.gov."
console.warn: LoginRecipes: "Falling back to a synchronous message for: https://services.flhsmv.gov."
console.warn: LoginRecipes: "Falling back to a synchronous message for: https://services.flhsmv.gov."
console.warn: LoginRecipes: "Falling back to a synchronous message for: https://services.flhsmv.gov."
console.warn: LoginRecipes: "Falling back to a synchronous message for: https://services.flhsmv.gov."
console.warn: LoginRecipes: "Falling back to a synchronous message for: https://services.flhsmv.gov."
console.warn: LoginRecipes: "Falling back to a synchronous message for: https://services.flhsmv.gov."
console.warn: LoginRecipes: "Falling back to a synchronous message for: https://services.flhsmv.gov."
console.warn: LoginRecipes: "Falling back to a synchronous message for: https://services.flhsmv.gov."
console.warn: LoginRecipes: "Falling back to a synchronous message for: https://services.flhsmv.gov."
console.warn: LoginRecipes: "Falling back to a synchronous message for: https://services.flhsmv.gov."
console.warn: LoginRecipes: "Falling back to a synchronous message for: https://services.flhsmv.gov."
console.warn: LoginRecipes: "Falling back to a synchronous message for: https://services.flhsmv.gov."
console.warn: LoginRecipes: "Falling back to a synchronous message for: https://services.flhsmv.gov."
console.warn: LoginRecipes: "Falling back to a synchronous message for: https://services.flhsmv.gov."
console.warn: LoginRecipes: "Falling back to a synchronous message for: https://services.flhsmv.gov."
console.warn: LoginRecipes: "Falling back to a synchronous message for: https://services.flhsmv.gov."
console.warn: LoginRecipes: "Falling back to a synchronous message for: https://services.flhsmv.gov."
console.warn: LoginRecipes: "Falling back to a synchronous message for: https://services.flhsmv.gov."
console.warn: LoginRecipes: "Falling back to a synchronous message for: https://services.flhsmv.gov."
console.warn: LoginRecipes: "Falling back to a synchronous message for: https://services.flhsmv.gov."
console.warn: LoginRecipes: "Falling back to a synchronous message for: https://services.flhsmv.gov."
console.warn: LoginRecipes: "Falling back to a synchronous message for: https://services.flhsmv.gov."
console.warn: LoginRecipes: "Falling back to a synchronous message for: https://services.flhsmv.gov."
console.warn: LoginRecipes: "Falling back to a synchronous message for: https://services.flhsmv.gov."
console.warn: LoginRecipes: "Falling back to a synchronous message for: https://services.flhsmv.gov."
console.warn: LoginRecipes: "Falling back to a synchronous message for: https://services.flhsmv.gov."
console.warn: LoginRecipes: "Falling back to a synchronous message for: https://services.flhsmv.gov."
console.warn: LoginRecipes: "Falling back to a synchronous message for: https://services.flhsmv.gov."
console.warn: LoginRecipes: "Falling back to a synchronous message for: https://services.flhsmv.gov."
console.warn: LoginRecipes: "Falling back to a synchronous message for: https://services.flhsmv.gov."
console.warn: LoginRecipes: "Falling back to a synchronous message for: https://services.flhsmv.gov."
console.warn: LoginRecipes: "Falling back to a synchronous message for: https://services.flhsmv.gov."
console.warn: LoginRecipes: "Falling back to a synchronous message for: https://services.flhsmv.gov."
console.warn: LoginRecipes: "Falling back to a synchronous message for: https://services.flhsmv.gov."
console.warn: LoginRecipes: "Falling back to a synchronous message for: https://services.flhsmv.gov."
console.warn: LoginRecipes: "Falling back to a synchronous message for: https://services.flhsmv.gov."
console.warn: LoginRecipes: "Falling back to a synchronous message for: https://services.flhsmv.gov."
console.warn: LoginRecipes: "Falling back to a synchronous message for: https://services.flhsmv.gov."
console.warn: LoginRecipes: "Falling back to a synchronous message for: https://services.flhsmv.gov."
console.warn: LoginRecipes: "Falling back to a synchronous message for: https://services.flhsmv.gov."
console.warn: LoginRecipes: "Falling back to a synchronous message for: https://services.flhsmv.gov."
console.warn: LoginRecipes: "Falling back to a synchronous message for: https://services.flhsmv.gov."
console.warn: LoginRecipes: "Falling back to a synchronous message for: https://services.flhsmv.gov."
console.warn: LoginRecipes: "Falling back to a synchronous message for: https://services.flhsmv.gov."
console.warn: LoginRecipes: "Falling back to a synchronous message for: https://services.flhsmv.gov."
console.warn: LoginRecipes: "Falling back to a synchronous message for: https://services.flhsmv.gov."
console.warn: LoginRecipes: "Falling back to a synchronous message for: https://services.flhsmv.gov."
console.warn: LoginRecipes: "Falling back to a synchronous message for: https://services.flhsmv.gov."
console.warn: LoginRecipes: "Falling back to a synchronous message for: https://services.flhsmv.gov."
console.warn: LoginRecipes: "Falling back to a synchronous message for: https://services.flhsmv.gov."
console.warn: LoginRecipes: "Falling back to a synchronous message for: https://services.flhsmv.gov."
console.warn: LoginRecipes: "Falling back to a synchronous message for: https://services.flhsmv.gov."
console.warn: LoginRecipes: "Falling back to a synchronous message for: https://services.flhsmv.gov."
console.warn: LoginRecipes: "Falling back to a synchronous message for: https://services.flhsmv.gov."
console.warn: LoginRecipes: "Falling back to a synchronous message for: https://services.flhsmv.gov."
console.warn: LoginRecipes: "Falling back to a synchronous message for: https://services.flhsmv.gov."
console.warn: LoginRecipes: "Falling back to a synchronous message for: https://services.flhsmv.gov."
console.warn: LoginRecipes: "Falling back to a synchronous message for: https://services.flhsmv.gov."
console.warn: LoginRecipes: "Falling back to a synchronous message for: https://services.flhsmv.gov."
console.warn: LoginRecipes: "Falling back to a synchronous message for: https://services.flhsmv.gov."
console.warn: LoginRecipes: "Falling back to a synchronous message for: https://services.flhsmv.gov."
console.warn: LoginRecipes: "Falling back to a synchronous message for: https://services.flhsmv.gov."
console.warn: LoginRecipes: "Falling back to a synchronous message for: https://services.flhsmv.gov."
console.warn: LoginRecipes: "Falling back to a synchronous message for: https://services.flhsmv.gov."
console.warn: LoginRecipes: "Falling back to a synchronous message for: https://services.flhsmv.gov."
console.warn: LoginRecipes: "Falling back to a synchronous message for: https://services.flhsmv.gov."
console.warn: LoginRecipes: "Falling back to a synchronous message for: https://services.flhsmv.gov."
console.warn: LoginRecipes: "Falling back to a synchronous message for: https://services.flhsmv.gov."
console.warn: LoginRecipes: "Falling back to a synchronous message for: https://services.flhsmv.gov."
console.warn: LoginRecipes: "Falling back to a synchronous message for: https://services.flhsmv.gov."
console.warn: LoginRecipes: "Falling back to a synchronous message for: https://services.flhsmv.gov."
console.warn: LoginRecipes: "Falling back to a synchronous message for: https://services.flhsmv.gov."
console.warn: LoginRecipes: "Falling back to a synchronous message for: https://services.flhsmv.gov."
console.warn: LoginRecipes: "Falling back to a synchronous message for: https://services.flhsmv.gov."
console.warn: LoginRecipes: "Falling back to a synchronous message for: https://services.flhsmv.gov."
console.warn: LoginRecipes: "Falling back to a synchronous message for: https://services.flhsmv.gov."
console.warn: LoginRecipes: "Falling back to a synchronous message for: https://services.flhsmv.gov."
console.warn: LoginRecipes: "Falling back to a synchronous message for: https://services.flhsmv.gov."
console.warn: LoginRecipes: "Falling back to a synchronous message for: https://services.flhsmv.gov."
console.warn: LoginRecipes: "Falling back to a synchronous message for: https://services.flhsmv.gov."
console.warn: LoginRecipes: "Falling back to a synchronous message for: https://services.flhsmv.gov."
console.warn: LoginRecipes: "Falling back to a synchronous message for: https://services.flhsmv.gov."
console.warn: LoginRecipes: "Falling back to a synchronous message for: https://services.flhsmv.gov."
console.warn: LoginRecipes: "Falling back to a synchronous message for: https://services.flhsmv.gov."
console.warn: LoginRecipes: "Falling back to a synchronous message for: https://services.flhsmv.gov."
console.warn: LoginRecipes: "Falling back to a synchronous message for: https://services.flhsmv.gov."
console.warn: LoginRecipes: "Falling back to a synchronous message for: https://services.flhsmv.gov."
console.warn: LoginRecipes: "Falling back to a synchronous message for: https://services.flhsmv.gov."
console.warn: LoginRecipes: "Falling back to a synchronous message for: https://services.flhsmv.gov."
console.warn: LoginRecipes: "Falling back to a synchronous message for: https://services.flhsmv.gov."
console.warn: LoginRecipes: "Falling back to a synchronous message for: https://services.flhsmv.gov."
console.warn: LoginRecipes: "Falling back to a synchronous message for: https://services.flhsmv.gov."
console.warn: LoginRecipes: "Falling back to a synchronous message for: https://services.flhsmv.gov."
console.warn: LoginRecipes: "Falling back to a synchronous message for: https://services.flhsmv.gov."
console.warn: LoginRecipes: "Falling back to a synchronous message for: https://services.flhsmv.gov."
console.warn: LoginRecipes: "Falling back to a synchronous message for: https://services.flhsmv.gov."
console.warn: LoginRecipes: "Falling back to a synchronous message for: https://services.flhsmv.gov."
console.warn: LoginRecipes: "Falling back to a synchronous message for: https://services.flhsmv.gov."
console.warn: LoginRecipes: "Falling back to a synchronous message for: https://services.flhsmv.gov."
console.warn: LoginRecipes: "Falling back to a synchronous message for: https://services.flhsmv.gov."
console.warn: LoginRecipes: "Falling back to a synchronous message for: https://services.flhsmv.gov."
console.warn: LoginRecipes: "Falling back to a synchronous message for: https://services.flhsmv.gov."
console.warn: LoginRecipes: "Falling back to a synchronous message for: https://services.flhsmv.gov."
console.warn: LoginRecipes: "Falling back to a synchronous message for: https://services.flhsmv.gov."
console.warn: LoginRecipes: "Falling back to a synchronous message for: https://services.flhsmv.gov."
console.warn: LoginRecipes: "Falling back to a synchronous message for: https://services.flhsmv.gov."
console.warn: LoginRecipes: "Falling back to a synchronous message for: https://services.flhsmv.gov."
console.warn: LoginRecipes: "Falling back to a synchronous message for: https://services.flhsmv.gov."
console.warn: LoginRecipes: "Falling back to a synchronous message for: https://services.flhsmv.gov."
console.warn: LoginRecipes: "Falling back to a synchronous message for: https://services.flhsmv.gov."
console.warn: LoginRecipes: "Falling back to a synchronous message for: https://services.flhsmv.gov."
console.warn: LoginRecipes: "Falling back to a synchronous message for: https://services.flhsmv.gov."
console.warn: LoginRecipes: "Falling back to a synchronous message for: https://services.flhsmv.gov."
console.warn: LoginRecipes: "Falling back to a synchronous message for: https://services.flhsmv.gov."
console.warn: LoginRecipes: "Falling back to a synchronous message for: https://services.flhsmv.gov."
console.warn: LoginRecipes: "Falling back to a synchronous message for: https://services.flhsmv.gov."
console.warn: LoginRecipes: "Falling back to a synchronous message for: https://services.flhsmv.gov."
console.warn: LoginRecipes: "Falling back to a synchronous message for: https://services.flhsmv.gov."
console.warn: LoginRecipes: "Falling back to a synchronous message for: https://services.flhsmv.gov."
console.warn: LoginRecipes: "Falling back to a synchronous message for: https://services.flhsmv.gov."
console.warn: LoginRecipes: "Falling back to a synchronous message for: https://services.flhsmv.gov."
console.warn: LoginRecipes: "Falling back to a synchronous message for: https://services.flhsmv.gov."
console.warn: LoginRecipes: "Falling back to a synchronous message for: https://services.flhsmv.gov."
console.warn: LoginRecipes: "Falling back to a synchronous message for: https://services.flhsmv.gov."
console.warn: LoginRecipes: "Falling back to a synchronous message for: https://services.flhsmv.gov."
console.warn: LoginRecipes: "Falling back to a synchronous message for: https://services.flhsmv.gov."
console.warn: LoginRecipes: "Falling back to a synchronous message for: https://services.flhsmv.gov."
console.warn: LoginRecipes: "Falling back to a synchronous message for: https://services.flhsmv.gov."
console.warn: LoginRecipes: "Falling back to a synchronous message for: https://services.flhsmv.gov."
console.warn: LoginRecipes: "Falling back to a synchronous message for: https://services.flhsmv.gov."
console.warn: LoginRecipes: "Falling back to a synchronous message for: https://services.flhsmv.gov."
console.warn: LoginRecipes: "Falling back to a synchronous message for: https://services.flhsmv.gov."
console.warn: LoginRecipes: "Falling back to a synchronous message for: https://services.flhsmv.gov."
console.warn: LoginRecipes: "Falling back to a synchronous message for: https://services.flhsmv.gov."
console.warn: LoginRecipes: "Falling back to a synchronous message for: https://services.flhsmv.gov."
console.warn: LoginRecipes: "Falling back to a synchronous message for: https://services.flhsmv.gov."
console.warn: LoginRecipes: "Falling back to a synchronous message for: https://services.flhsmv.gov."
console.warn: LoginRecipes: "Falling back to a synchronous message for: https://services.flhsmv.gov."
console.warn: LoginRecipes: "Falling back to a synchronous message for: https://services.flhsmv.gov."
console.warn: LoginRecipes: "Falling back to a synchronous message for: https://services.flhsmv.gov."
console.warn: LoginRecipes: "Falling back to a synchronous message for: https://services.flhsmv.gov."
console.warn: LoginRecipes: "Falling back to a synchronous message for: https://services.flhsmv.gov."
console.warn: LoginRecipes: "Falling back to a synchronous message for: https://services.flhsmv.gov."
console.warn: LoginRecipes: "Falling back to a synchronous message for: https://services.flhsmv.gov."
console.warn: LoginRecipes: "Falling back to a synchronous message for: https://services.flhsmv.gov."
console.warn: LoginRecipes: "Falling back to a synchronous message for: https://services.flhsmv.gov."
console.warn: LoginRecipes: "Falling back to a synchronous message for: https://services.flhsmv.gov."
console.warn: LoginRecipes: "Falling back to a synchronous message for: https://services.flhsmv.gov."
console.warn: LoginRecipes: "Falling back to a synchronous message for: https://services.flhsmv.gov."
console.warn: LoginRecipes: "Falling back to a synchronous message for: https://services.flhsmv.gov."
console.warn: LoginRecipes: "Falling back to a synchronous message for: https://services.flhsmv.gov."
console.warn: LoginRecipes: "Falling back to a synchronous message for: https://services.flhsmv.gov."
console.warn: LoginRecipes: "Falling back to a synchronous message for: https://services.flhsmv.gov."
